<?xml version="1.0" encoding="UTF-8"?>
<!-- Generated by org.testng.reporters.JUnitReportReporter -->
<testsuite skipped="0" hostname="Admins-MacBook-Pro-2.local" name="seleniumPrograms.ByClassName" tests="1" failures="0" timestamp="09 Jul 2019 03:21:10 GMT" time="12.234" errors="0">
  <testcase name="openBrowser" time="12.234" classname="seleniumPrograms.ByClassName"/>
</testsuite> <!-- seleniumPrograms.ByClassName -->
