<?xml version="1.0" encoding="UTF-8"?>
<!-- Generated by org.testng.reporters.JUnitReportReporter -->
<testsuite skipped="0" hostname="Admins-MacBook-Pro-2.local" name="com.june.july.batch.Reports2" tests="1" failures="0" timestamp="04 Jul 2019 03:05:16 GMT" time="13.057" errors="0">
  <testcase name="amazon" time="13.057" classname="com.june.july.batch.Reports2"/>
</testsuite> <!-- com.june.july.batch.Reports2 -->
