<?xml version="1.0" encoding="UTF-8"?>
<!-- Generated by org.testng.reporters.JUnitReportReporter -->
<testsuite skipped="0" hostname="Admins-MacBook-Pro-2.local" name="seleniumPrograms.PartialLinkText" tests="1" failures="0" timestamp="09 Jul 2019 03:33:39 GMT" time="16.386" errors="0">
  <testcase name="openBrowser" time="16.386" classname="seleniumPrograms.PartialLinkText"/>
</testsuite> <!-- seleniumPrograms.PartialLinkText -->
