<?xml version="1.0" encoding="UTF-8"?>
<!-- Generated by org.testng.reporters.JUnitReportReporter -->
<testsuite skipped="0" hostname="Admins-MacBook-Pro-2.local" name="com.june.july.batch.TestNG.Dataprovide" tests="4" failures="0" timestamp="04 Jul 2019 03:30:39 GMT" time="0.017" errors="0">
  <testcase name="search" time="0.002" classname="com.june.july.batch.TestNG.Dataprovide"/>
  <testcase name="login" time="0.012" classname="com.june.july.batch.TestNG.Dataprovide"/>
  <testcase name="search" time="0.002" classname="com.june.july.batch.TestNG.Dataprovide"/>
  <testcase name="login" time="0.001" classname="com.june.july.batch.TestNG.Dataprovide"/>
</testsuite> <!-- com.june.july.batch.TestNG.Dataprovide -->
