<?xml version="1.0" encoding="UTF-8"?>
<!-- Generated by org.testng.reporters.JUnitReportReporter -->
<testsuite skipped="1" hostname="Admins-MacBook-Pro-2.local" name="com.june.july.batch.TestNGAnnotation" tests="8" failures="0" timestamp="02 Jul 2019 03:32:30 GMT" time="0.022" errors="0">
  <testcase name="openBrowser" time="0.008" classname="com.june.july.batch.TestNGAnnotation"/>
  <testcase name="search" time="0.002" classname="com.june.july.batch.TestNGAnnotation"/>
  <testcase name="pdpPage" time="0.004" classname="com.june.july.batch.TestNGAnnotation"/>
  <testcase name="addCart" time="0.003" classname="com.june.july.batch.TestNGAnnotation"/>
  <testcase name="address" time="0.001" classname="com.june.july.batch.TestNGAnnotation"/>
  <testcase name="payment" time="0.003" classname="com.june.july.batch.TestNGAnnotation"/>
  <testcase name="logOut" time="0.001" classname="com.june.july.batch.TestNGAnnotation"/>
  <testcase name="login" classname="com.june.july.batch.TestNGAnnotation">
    <skipped/>
  </testcase> <!-- login -->
</testsuite> <!-- com.june.july.batch.TestNGAnnotation -->
