<?xml version="1.0" encoding="UTF-8"?>
<!-- Generated by org.testng.reporters.JUnitReportReporter -->
<testsuite skipped="0" hostname="Admins-MacBook-Pro-2.local" name="LaunchBrowser.LaunchBw" tests="1" failures="0" timestamp="07 Jul 2019 04:01:09 GMT" time="14.244" errors="0">
  <testcase name="test" time="14.244" classname="LaunchBrowser.LaunchBw"/>
</testsuite> <!-- LaunchBrowser.LaunchBw -->
