<?xml version="1.0" encoding="UTF-8"?>
<!-- Generated by org.testng.reporters.JUnitReportReporter -->
<testsuite skipped="0" hostname="Admins-MacBook-Pro-2.local" name="seleniumPrograms.ByLinkText" tests="1" failures="0" timestamp="09 Jul 2019 03:29:06 GMT" time="28.548" errors="0">
  <testcase name="openBrowser" time="28.548" classname="seleniumPrograms.ByLinkText"/>
</testsuite> <!-- seleniumPrograms.ByLinkText -->
