<?xml version="1.0" encoding="UTF-8"?>
<!-- Generated by org.testng.reporters.JUnitReportReporter -->
<testsuite skipped="0" hostname="Admins-MacBook-Pro-2.local" name="seleniumPrograms.PrintAllLinks" tests="1" failures="0" timestamp="09 Jul 2019 03:39:49 GMT" time="6.924" errors="0">
  <testcase name="openBrowser" time="6.924" classname="seleniumPrograms.PrintAllLinks"/>
</testsuite> <!-- seleniumPrograms.PrintAllLinks -->
