<?xml version="1.0" encoding="UTF-8"?>
<!-- Generated by org.testng.reporters.JUnitReportReporter -->
<testsuite skipped="0" hostname="Admins-MacBook-Pro-2.local" name="seleniumPrograms.ByID" tests="1" failures="0" timestamp="09 Jul 2019 03:04:46 GMT" time="14.058" errors="0">
  <testcase name="byId" time="14.058" classname="seleniumPrograms.ByID"/>
</testsuite> <!-- seleniumPrograms.ByID -->
