<?xml version="1.0" encoding="UTF-8"?>
<!-- Generated by org.testng.reporters.JUnitReportReporter -->
<testsuite skipped="0" hostname="Admins-MacBook-Pro-2.local" name="com.june.july.batch.TestNGAnnotations" tests="2" failures="0" timestamp="02 Jul 2019 03:32:25 GMT" time="0.003" errors="0">
  <testcase name="firstTest" time="0.002" classname="com.june.july.batch.TestNGAnnotations"/>
  <testcase name="secondTest" time="0.001" classname="com.june.july.batch.TestNGAnnotations"/>
</testsuite> <!-- com.june.july.batch.TestNGAnnotations -->
