<?xml version="1.0" encoding="UTF-8"?>
<!-- Generated by org.testng.reporters.JUnitReportReporter -->
<testsuite skipped="0" hostname="Admins-MacBook-Pro-2.local" name="com.june.july.batch.Reports" tests="1" failures="0" timestamp="04 Jul 2019 03:05:21 GMT" time="18.402" errors="0">
  <testcase name="amazon" time="18.402" classname="com.june.july.batch.Reports"/>
</testsuite> <!-- com.june.july.batch.Reports -->
