<?xml version="1.0" encoding="UTF-8"?>
<!-- Generated by org.testng.reporters.JUnitReportReporter -->
<testsuite skipped="0" hostname="Admins-MacBook-Pro-2.local" name="com.june.july.batch.TestNG.DemoDataProvider" tests="8" failures="0" timestamp="04 Jul 2019 03:18:13 GMT" time="46.246" errors="0">
  <testcase name="login" time="4.953" classname="com.june.july.batch.TestNG.DemoDataProvider"/>
  <testcase name="login" time="3.213" classname="com.june.july.batch.TestNG.DemoDataProvider"/>
  <testcase name="login" time="17.223" classname="com.june.july.batch.TestNG.DemoDataProvider"/>
  <testcase name="login" time="3.248" classname="com.june.july.batch.TestNG.DemoDataProvider"/>
  <testcase name="login" time="3.335" classname="com.june.july.batch.TestNG.DemoDataProvider"/>
  <testcase name="login" time="3.698" classname="com.june.july.batch.TestNG.DemoDataProvider"/>
  <testcase name="login" time="7.491" classname="com.june.july.batch.TestNG.DemoDataProvider"/>
  <testcase name="login" time="3.085" classname="com.june.july.batch.TestNG.DemoDataProvider"/>
</testsuite> <!-- com.june.july.batch.TestNG.DemoDataProvider -->
