<?xml version="1.0" encoding="UTF-8"?>
<!-- Generated by org.testng.reporters.JUnitReportReporter -->
<testsuite skipped="0" hostname="Admins-MacBook-Pro-2.local" name="seleniumPrograms.launchBrowser" tests="1" failures="0" timestamp="05 Jul 2019 03:38:18 GMT" time="3.900" errors="0">
  <testcase name="browser" time="3.900" classname="seleniumPrograms.launchBrowser"/>
</testsuite> <!-- seleniumPrograms.launchBrowser -->
