<?xml version="1.0" encoding="UTF-8"?>
<!-- Generated by org.testng.reporters.JUnitReportReporter -->
<testsuite skipped="0" hostname="Admins-MacBook-Pro-2.local" name="com.june.july.batch.TestNgDemo" tests="8" failures="0" timestamp="02 Jul 2019 03:32:46 GMT" time="0.015" errors="0">
  <testcase name="openURL" time="0.001" classname="com.june.july.batch.TestNgDemo"/>
  <testcase name="searchProduct" time="0.002" classname="com.june.july.batch.TestNgDemo"/>
  <testcase name="plp" time="0.005" classname="com.june.july.batch.TestNgDemo"/>
  <testcase name="pdp" time="0.001" classname="com.june.july.batch.TestNgDemo"/>
  <testcase name="addToCart" time="0.003" classname="com.june.july.batch.TestNgDemo"/>
  <testcase name="addAddress" time="0.001" classname="com.june.july.batch.TestNgDemo"/>
  <testcase name="paymentCOd" time="0.000" classname="com.june.july.batch.TestNgDemo"/>
  <testcase name="logOut" time="0.002" classname="com.june.july.batch.TestNgDemo"/>
</testsuite> <!-- com.june.july.batch.TestNgDemo -->
