<?xml version="1.0" encoding="UTF-8"?>
<!-- Generated by org.testng.reporters.JUnitReportReporter -->
<testsuite skipped="0" hostname="Admins-MacBook-Pro-2.local" name="com.june.july.batch.TestNgDemo2" tests="1" failures="0" timestamp="30 Jun 2019 03:36:09 GMT" time="0.007" errors="0">
  <testcase name="searchProduct" time="0.007" classname="com.june.july.batch.TestNgDemo2"/>
</testsuite> <!-- com.june.july.batch.TestNgDemo2 -->
