<?xml version="1.0" encoding="UTF-8"?>
<!-- Generated by org.testng.reporters.JUnitReportReporter -->
<testsuite skipped="0" hostname="Admins-MacBook-Pro-2.local" name="seleniumPrograms.ByID" tests="1" failures="0" timestamp="08 Jul 2019 03:32:22 GMT" time="29.056" errors="0">
  <testcase name="locateByID" time="29.056" classname="seleniumPrograms.ByID"/>
</testsuite> <!-- seleniumPrograms.ByID -->
