<?xml version="1.0" encoding="UTF-8"?>
<!-- Generated by org.testng.reporters.JUnitReportReporter -->
<testsuite skipped="0" hostname="Admins-MacBook-Pro-2.local" name="com.june.july.batch.LearningGroup" tests="3" failures="0" timestamp="30 Jun 2019 03:20:08 GMT" time="0.009" errors="0">
  <testcase name="testConnectMsSQL" time="0.005" classname="com.june.july.batch.LearningGroup"/>
  <testcase name="testConnectOracle" time="0.002" classname="com.june.july.batch.LearningGroup"/>
  <testcase name="runFinal" time="0.002" classname="com.june.july.batch.LearningGroup"/>
</testsuite> <!-- com.june.july.batch.LearningGroup -->
