<?xml version="1.0" encoding="UTF-8"?>
<!-- Generated by org.testng.reporters.JUnitReportReporter -->
<testsuite skipped="0" hostname="Admins-MacBook-Pro-2.local" name="com.june.july.batch.TestNG.TestNgDemo4" tests="4" failures="0" timestamp="05 Jul 2019 02:59:18 GMT" time="0.003" errors="0">
  <testcase name="addAddress" time="0.002" classname="com.june.july.batch.TestNG.TestNgDemo4"/>
  <testcase name="pdp" time="0.000" classname="com.june.july.batch.TestNG.TestNgDemo4"/>
  <testcase name="addToCart" time="0.001" classname="com.june.july.batch.TestNG.TestNgDemo4"/>
  <testcase name="searchProduct" time="0.000" classname="com.june.july.batch.TestNG.TestNgDemo4"/>
</testsuite> <!-- com.june.july.batch.TestNG.TestNgDemo4 -->
