<?xml version="1.0" encoding="UTF-8"?>
<!-- Generated by org.testng.reporters.JUnitReportReporter -->
<testsuite skipped="1" hostname="Admins-MacBook-Pro-2.local" name="com.june.july.batch.TestNG.TestNGAnnotation" tests="2" failures="0" timestamp="05 Jul 2019 02:59:38 GMT" time="0.000" errors="0">
  <testcase name="openBrowser" time="0.000" classname="com.june.july.batch.TestNG.TestNGAnnotation"/>
  <testcase name="login" classname="com.june.july.batch.TestNG.TestNGAnnotation">
    <skipped/>
  </testcase> <!-- login -->
</testsuite> <!-- com.june.july.batch.TestNG.TestNGAnnotation -->
