<?xml version="1.0" encoding="UTF-8"?>
<!-- Generated by org.testng.reporters.JUnitReportReporter -->
<testsuite skipped="0" hostname="Admins-MacBook-Pro-2.local" name="com.june.july.batch.TestNG.TestNgDemo3" tests="6" failures="0" timestamp="05 Jul 2019 02:59:23 GMT" time="0.031" errors="0">
  <testcase name="paymentCOd" time="0.001" classname="com.june.july.batch.TestNG.TestNgDemo3"/>
  <testcase name="pdp" time="0.000" classname="com.june.july.batch.TestNG.TestNgDemo3"/>
  <testcase name="addToCart" time="0.004" classname="com.june.july.batch.TestNG.TestNgDemo3"/>
  <testcase name="logOut" time="0.004" classname="com.june.july.batch.TestNG.TestNgDemo3"/>
  <testcase name="addAddress" time="0.001" classname="com.june.july.batch.TestNG.TestNgDemo3"/>
  <testcase name="searchProduct" time="0.021" classname="com.june.july.batch.TestNG.TestNgDemo3"/>
</testsuite> <!-- com.june.july.batch.TestNG.TestNgDemo3 -->
