<?xml version="1.0" encoding="UTF-8"?>
<!-- Generated by org.testng.reporters.JUnitReportReporter -->
<testsuite skipped="0" hostname="Admins-MacBook-Pro-2.local" name="com.june.july.batch.TestNG.TestNGAnnotations" tests="2" failures="0" timestamp="05 Jul 2019 02:59:28 GMT" time="0.001" errors="0">
  <testcase name="firstTest" time="0.001" classname="com.june.july.batch.TestNG.TestNGAnnotations"/>
  <testcase name="secondTest" time="0.000" classname="com.june.july.batch.TestNG.TestNGAnnotations"/>
</testsuite> <!-- com.june.july.batch.TestNG.TestNGAnnotations -->
